<?xml version="1.0" encoding="UTF-8"?>
<!-- Generated by org.testng.reporters.JUnitXMLReporter -->
<testsuite hostname="LAPTOP-P82DU6VA" ignored="1" name="Default test" tests="1" failures="0" timestamp="12 Aug 2019 15:29:32 GMT" time="9.33" errors="0">
  <testcase name="assessBatchNav" time="9.29" classname="com.revature.endtoend.NavigationAtoQ"/>
  <testcase name="assessBatch" time="0.0" classname="com.revature.endtoend.NavigationAtoQ">
    <ignored/>
  </testcase> <!-- assessBatch -->
</testsuite> <!-- Default test -->
